{
  "stats": {
    "suites": 4,
    "tests": 16,
    "passes": 4,
    "pending": 0,
    "failures": 12,
    "start": "2017-05-13T17:58:36.785Z",
    "end": "2017-05-13T17:58:37.476Z",
    "duration": 691,
    "testsRegistered": 16,
    "passPercent": 25,
    "pendingPercent": 0,
    "other": 1,
    "hasOther": true,
    "skipped": 0,
    "hasSkipped": false,
    "passPercentClass": "danger",
    "pendingPercentClass": "danger"
  },
  "suites": {
    "title": "",
    "suites": [
      {
        "title": "Details API unit tests",
        "suites": [],
        "tests": [
          {
            "title": "should return collection of JSON documents",
            "fullTitle": "Details API unit tests should return collection of JSON documents",
            "timedOut": false,
            "duration": 0,
            "state": "failed",
            "pass": false,
            "fail": true,
            "pending": false,
            "code": "// calling home page api\n    (0, _supertest2.default)(_server.server).get(\"/api/details\").expect(\"Content-type\", /json/).expect(200) // This is HTTP response\n    .end(function (err, res) {\n      // HTTP status should be 200\n      res.status.should.equal(200);\n      done();\n    });",
            "err": {
              "operator": "to be",
              "expected": "200",
              "showDiff": true,
              "actual": "404",
              "negate": false,
              "assertion": {
                "obj": 404,
                "anyOne": false,
                "negate": false,
                "params": {
                  "operator": "to be",
                  "expected": 200,
                  "showDiff": true,
                  "actual": 404,
                  "negate": false,
                  "assertion": "[Circular ~.suites.suites.0.tests.0.err.assertion]"
                },
                "light": false
              },
              "_message": "expected 404 to be 200",
              "generatedMessage": true,
              "uncaught": true,
              "estack": "AssertionError: expected 404 to be 200\n    at Assertion.fail (node_modules\\should\\cjs\\should.js:258:17)\n    at Assertion.value (node_modules\\should\\cjs\\should.js:335:19)\n    at Test.<anonymous> (C:/Users/ellingworthl/Documents/MASTERS_WIT/EWD_Assign2_WebAPI_Rebuild/test/testDetailsApi.js:19:25)\n    at Test.assert (node_modules\\supertest\\lib\\test.js:179:6)\n    at Server.assert (node_modules\\supertest\\lib\\test.js:131:12)\n    at emitCloseNT (net.js:1555:8)\n    at _combinedTickCallback (internal/process/next_tick.js:71:11)\n    at process._tickCallback (internal/process/next_tick.js:98:9)",
              "diff": "- 404\n+ 200\n"
            },
            "isRoot": false,
            "uuid": "7d4b74d9-d6b5-4cae-a798-1bfe694f11a4",
            "parentUUID": "f0e72878-fc22-4392-96bf-582339f2b192",
            "isHook": false,
            "skipped": false
          },
          {
            "title": "should add a venue detail",
            "fullTitle": "Details API unit tests should add a venue detail",
            "timedOut": false,
            "duration": 0,
            "state": "failed",
            "pass": false,
            "fail": true,
            "pending": false,
            "code": "(0, _supertest2.default)(_server.server).post('/api/details').send({ id: \"001\", name: \"Test Venue\", description: \"Test Discription\", type: \"Test Type\", link: \"Test URL\", association: \"Test association\", parking: \"Test parking\", toilet: \"Test W/C\", refreshments: \"Test refreshments\", other: \"Test Other\", directions: \"Test directions URL\", images: \"Test Image0\", images1: \"Test Image1\" }).expect(\"Content-type\", /json/).expect(201).end(function (err, res) {\n  res.status.should.equal(201);\n  res.body.details.should.have.property('_id');\n  res.body.details.description.should.equal('Test Discription');\n  done();\n});",
            "err": {
              "operator": "to be",
              "expected": "201",
              "showDiff": true,
              "actual": "404",
              "negate": false,
              "assertion": {
                "obj": 404,
                "anyOne": false,
                "negate": false,
                "params": {
                  "operator": "to be",
                  "expected": 201,
                  "showDiff": true,
                  "actual": 404,
                  "negate": false,
                  "assertion": "[Circular ~.suites.suites.0.tests.1.err.assertion]"
                },
                "light": false
              },
              "_message": "expected 404 to be 201",
              "generatedMessage": true,
              "uncaught": true,
              "estack": "AssertionError: expected 404 to be 201\n    at Assertion.fail (node_modules\\should\\cjs\\should.js:258:17)\n    at Assertion.value (node_modules\\should\\cjs\\should.js:335:19)\n    at Test.<anonymous> (C:/Users/ellingworthl/Documents/MASTERS_WIT/EWD_Assign2_WebAPI_Rebuild/test/testDetailsApi.js:32:25)\n    at Test.assert (node_modules\\supertest\\lib\\test.js:179:6)\n    at Server.assert (node_modules\\supertest\\lib\\test.js:131:12)\n    at emitCloseNT (net.js:1555:8)\n    at _combinedTickCallback (internal/process/next_tick.js:71:11)\n    at process._tickCallback (internal/process/next_tick.js:98:9)",
              "diff": "- 404\n+ 201\n"
            },
            "isRoot": false,
            "uuid": "16184194-d6f2-45c3-bbcd-adebcb4e356c",
            "parentUUID": "f0e72878-fc22-4392-96bf-582339f2b192",
            "isHook": false,
            "skipped": false
          },
          {
            "title": "should delete venue",
            "fullTitle": "Details API unit tests should delete venue",
            "timedOut": false,
            "duration": 0,
            "state": "failed",
            "pass": false,
            "fail": true,
            "pending": false,
            "code": "var superserver = (0, _supertest2.default)(_server.server);\nsuperserver.get(\"/api/details\").expect(\"Content-type\", /json/).expect(200) // This is HTTP response\n.end(function (err, res) {\n  var id = res.body[0]._id;\n  superserver.delete(\"/api/details/\" + id).expect(\"Content-type\", /json/).expect(200) // This is HTTP response\n  .end(function (err, res) {\n    res.body._id.should.equal(id);\n    res.body.should.have.property(\"description\");\n    done();\n  });\n});",
            "err": {
              "uncaught": true,
              "estack": "TypeError: Cannot read property '_id' of undefined\n    at Test.<anonymous> (C:/Users/ellingworthl/Documents/MASTERS_WIT/EWD_Assign2_WebAPI_Rebuild/test/testDetailsApi.js:47:18)\n    at Test.assert (node_modules\\supertest\\lib\\test.js:179:6)\n    at Server.assert (node_modules\\supertest\\lib\\test.js:131:12)\n    at emitCloseNT (net.js:1555:8)\n    at _combinedTickCallback (internal/process/next_tick.js:71:11)\n    at process._tickCallback (internal/process/next_tick.js:98:9)"
            },
            "isRoot": false,
            "uuid": "26079b70-2178-4855-912c-b8254b1eb029",
            "parentUUID": "f0e72878-fc22-4392-96bf-582339f2b192",
            "isHook": false,
            "skipped": false
          },
          {
            "title": "should add and delete Venue Detail 999",
            "fullTitle": "Details API unit tests should add and delete Venue Detail 999",
            "timedOut": false,
            "duration": 0,
            "state": "failed",
            "pass": false,
            "fail": true,
            "pending": false,
            "code": "// post to /api/details\n// calling home page api\nvar superserver = (0, _supertest2.default)(_server.server);\nsuperserver.get(\"/api/details\").expect(\"Content-type\", /json/).expect(200) // This is HTTP response\n.end(function (err, res) {\n  var id = res.body[0]._id;\n  superserver.put(\"/api/details/\" + id).send({ id: \"001\", name: \"999 Venue\", description: \"999 Discription\", type: \"999 Type\", link: \"999 URL\", association: \"999 association\", parking: \"999 parking\", toilet: \"999 W/C\", refreshments: \"999 refreshments\", other: \"999 Other\", directions: \"999 directions URL\", images: \"999 Image0\", images1: \"999 Image1\" }).expect(\"Content-type\", /json/).expect(200) // This is HTTP response\n  .end(function (err, res) {\n    superserver.delete(\"/api/details/\" + id).expect(\"Content-type\", /json/).expect(200) // This is HTTP response\n    .end(function (err, res) {\n      res.body._id.should.equal(id);\n      res.body.name.should.equal(\"Venue 999\");\n      done();\n    });\n  });\n});",
            "err": {
              "uncaught": true,
              "estack": "TypeError: Cannot read property '_id' of undefined\n    at Test.<anonymous> (C:/Users/ellingworthl/Documents/MASTERS_WIT/EWD_Assign2_WebAPI_Rebuild/test/testDetailsApi.js:72:20)\n    at Test.assert (node_modules\\supertest\\lib\\test.js:179:6)\n    at Server.assert (node_modules\\supertest\\lib\\test.js:131:12)\n    at emitCloseNT (net.js:1555:8)\n    at _combinedTickCallback (internal/process/next_tick.js:71:11)\n    at process._tickCallback (internal/process/next_tick.js:98:9)"
            },
            "isRoot": false,
            "uuid": "e6e0eec1-e7ff-4b91-a89e-1436bd5beed4",
            "parentUUID": "f0e72878-fc22-4392-96bf-582339f2b192",
            "isHook": false,
            "skipped": false
          }
        ],
        "pending": [],
        "root": false,
        "_timeout": 120000,
        "file": "\\test\\testDetailsApi.js",
        "uuid": "f0e72878-fc22-4392-96bf-582339f2b192",
        "failedHooks": [],
        "fullFile": "C:\\Users\\ellingworthl\\Documents\\MASTERS_WIT\\EWD_Assign2_WebAPI_Rebuild\\test\\testDetailsApi.js",
        "passes": [],
        "failures": [
          {
            "title": "should return collection of JSON documents",
            "fullTitle": "Details API unit tests should return collection of JSON documents",
            "timedOut": false,
            "duration": 0,
            "state": "failed",
            "pass": false,
            "fail": true,
            "pending": false,
            "code": "// calling home page api\n    (0, _supertest2.default)(_server.server).get(\"/api/details\").expect(\"Content-type\", /json/).expect(200) // This is HTTP response\n    .end(function (err, res) {\n      // HTTP status should be 200\n      res.status.should.equal(200);\n      done();\n    });",
            "err": {
              "operator": "to be",
              "expected": "200",
              "showDiff": true,
              "actual": "404",
              "negate": false,
              "assertion": {
                "obj": 404,
                "anyOne": false,
                "negate": false,
                "params": {
                  "operator": "to be",
                  "expected": 200,
                  "showDiff": true,
                  "actual": 404,
                  "negate": false,
                  "assertion": "[Circular ~.suites.suites.0.failures.0.err.assertion]"
                },
                "light": false
              },
              "_message": "expected 404 to be 200",
              "generatedMessage": true,
              "uncaught": true,
              "estack": "AssertionError: expected 404 to be 200\n    at Assertion.fail (node_modules\\should\\cjs\\should.js:258:17)\n    at Assertion.value (node_modules\\should\\cjs\\should.js:335:19)\n    at Test.<anonymous> (C:/Users/ellingworthl/Documents/MASTERS_WIT/EWD_Assign2_WebAPI_Rebuild/test/testDetailsApi.js:19:25)\n    at Test.assert (node_modules\\supertest\\lib\\test.js:179:6)\n    at Server.assert (node_modules\\supertest\\lib\\test.js:131:12)\n    at emitCloseNT (net.js:1555:8)\n    at _combinedTickCallback (internal/process/next_tick.js:71:11)\n    at process._tickCallback (internal/process/next_tick.js:98:9)",
              "diff": "- 404\n+ 200\n"
            },
            "isRoot": false,
            "uuid": "7d4b74d9-d6b5-4cae-a798-1bfe694f11a4",
            "parentUUID": "f0e72878-fc22-4392-96bf-582339f2b192",
            "isHook": false,
            "skipped": false
          },
          {
            "title": "should add a venue detail",
            "fullTitle": "Details API unit tests should add a venue detail",
            "timedOut": false,
            "duration": 0,
            "state": "failed",
            "pass": false,
            "fail": true,
            "pending": false,
            "code": "(0, _supertest2.default)(_server.server).post('/api/details').send({ id: \"001\", name: \"Test Venue\", description: \"Test Discription\", type: \"Test Type\", link: \"Test URL\", association: \"Test association\", parking: \"Test parking\", toilet: \"Test W/C\", refreshments: \"Test refreshments\", other: \"Test Other\", directions: \"Test directions URL\", images: \"Test Image0\", images1: \"Test Image1\" }).expect(\"Content-type\", /json/).expect(201).end(function (err, res) {\n  res.status.should.equal(201);\n  res.body.details.should.have.property('_id');\n  res.body.details.description.should.equal('Test Discription');\n  done();\n});",
            "err": {
              "operator": "to be",
              "expected": "201",
              "showDiff": true,
              "actual": "404",
              "negate": false,
              "assertion": {
                "obj": 404,
                "anyOne": false,
                "negate": false,
                "params": {
                  "operator": "to be",
                  "expected": 201,
                  "showDiff": true,
                  "actual": 404,
                  "negate": false,
                  "assertion": "[Circular ~.suites.suites.0.failures.1.err.assertion]"
                },
                "light": false
              },
              "_message": "expected 404 to be 201",
              "generatedMessage": true,
              "uncaught": true,
              "estack": "AssertionError: expected 404 to be 201\n    at Assertion.fail (node_modules\\should\\cjs\\should.js:258:17)\n    at Assertion.value (node_modules\\should\\cjs\\should.js:335:19)\n    at Test.<anonymous> (C:/Users/ellingworthl/Documents/MASTERS_WIT/EWD_Assign2_WebAPI_Rebuild/test/testDetailsApi.js:32:25)\n    at Test.assert (node_modules\\supertest\\lib\\test.js:179:6)\n    at Server.assert (node_modules\\supertest\\lib\\test.js:131:12)\n    at emitCloseNT (net.js:1555:8)\n    at _combinedTickCallback (internal/process/next_tick.js:71:11)\n    at process._tickCallback (internal/process/next_tick.js:98:9)",
              "diff": "- 404\n+ 201\n"
            },
            "isRoot": false,
            "uuid": "16184194-d6f2-45c3-bbcd-adebcb4e356c",
            "parentUUID": "f0e72878-fc22-4392-96bf-582339f2b192",
            "isHook": false,
            "skipped": false
          },
          {
            "title": "should delete venue",
            "fullTitle": "Details API unit tests should delete venue",
            "timedOut": false,
            "duration": 0,
            "state": "failed",
            "pass": false,
            "fail": true,
            "pending": false,
            "code": "var superserver = (0, _supertest2.default)(_server.server);\nsuperserver.get(\"/api/details\").expect(\"Content-type\", /json/).expect(200) // This is HTTP response\n.end(function (err, res) {\n  var id = res.body[0]._id;\n  superserver.delete(\"/api/details/\" + id).expect(\"Content-type\", /json/).expect(200) // This is HTTP response\n  .end(function (err, res) {\n    res.body._id.should.equal(id);\n    res.body.should.have.property(\"description\");\n    done();\n  });\n});",
            "err": {
              "uncaught": true,
              "estack": "TypeError: Cannot read property '_id' of undefined\n    at Test.<anonymous> (C:/Users/ellingworthl/Documents/MASTERS_WIT/EWD_Assign2_WebAPI_Rebuild/test/testDetailsApi.js:47:18)\n    at Test.assert (node_modules\\supertest\\lib\\test.js:179:6)\n    at Server.assert (node_modules\\supertest\\lib\\test.js:131:12)\n    at emitCloseNT (net.js:1555:8)\n    at _combinedTickCallback (internal/process/next_tick.js:71:11)\n    at process._tickCallback (internal/process/next_tick.js:98:9)"
            },
            "isRoot": false,
            "uuid": "26079b70-2178-4855-912c-b8254b1eb029",
            "parentUUID": "f0e72878-fc22-4392-96bf-582339f2b192",
            "isHook": false,
            "skipped": false
          },
          {
            "title": "should add and delete Venue Detail 999",
            "fullTitle": "Details API unit tests should add and delete Venue Detail 999",
            "timedOut": false,
            "duration": 0,
            "state": "failed",
            "pass": false,
            "fail": true,
            "pending": false,
            "code": "// post to /api/details\n// calling home page api\nvar superserver = (0, _supertest2.default)(_server.server);\nsuperserver.get(\"/api/details\").expect(\"Content-type\", /json/).expect(200) // This is HTTP response\n.end(function (err, res) {\n  var id = res.body[0]._id;\n  superserver.put(\"/api/details/\" + id).send({ id: \"001\", name: \"999 Venue\", description: \"999 Discription\", type: \"999 Type\", link: \"999 URL\", association: \"999 association\", parking: \"999 parking\", toilet: \"999 W/C\", refreshments: \"999 refreshments\", other: \"999 Other\", directions: \"999 directions URL\", images: \"999 Image0\", images1: \"999 Image1\" }).expect(\"Content-type\", /json/).expect(200) // This is HTTP response\n  .end(function (err, res) {\n    superserver.delete(\"/api/details/\" + id).expect(\"Content-type\", /json/).expect(200) // This is HTTP response\n    .end(function (err, res) {\n      res.body._id.should.equal(id);\n      res.body.name.should.equal(\"Venue 999\");\n      done();\n    });\n  });\n});",
            "err": {
              "uncaught": true,
              "estack": "TypeError: Cannot read property '_id' of undefined\n    at Test.<anonymous> (C:/Users/ellingworthl/Documents/MASTERS_WIT/EWD_Assign2_WebAPI_Rebuild/test/testDetailsApi.js:72:20)\n    at Test.assert (node_modules\\supertest\\lib\\test.js:179:6)\n    at Server.assert (node_modules\\supertest\\lib\\test.js:131:12)\n    at emitCloseNT (net.js:1555:8)\n    at _combinedTickCallback (internal/process/next_tick.js:71:11)\n    at process._tickCallback (internal/process/next_tick.js:98:9)"
            },
            "isRoot": false,
            "uuid": "e6e0eec1-e7ff-4b91-a89e-1436bd5beed4",
            "parentUUID": "f0e72878-fc22-4392-96bf-582339f2b192",
            "isHook": false,
            "skipped": false
          }
        ],
        "skipped": [],
        "hasTests": true,
        "hasFailedHooks": false,
        "hasSuites": false,
        "totalTests": 4,
        "totalPasses": 0,
        "totalFailures": 4,
        "totalPending": 0,
        "totalSkipped": 0,
        "hasPasses": false,
        "hasFailures": true,
        "hasPending": false,
        "hasSkipped": false,
        "duration": 0,
        "rootEmpty": false
      },
      {
        "title": "Events API unit tests",
        "suites": [],
        "tests": [
          {
            "title": "should return collection of JSON documents",
            "fullTitle": "Events API unit tests should return collection of JSON documents",
            "timedOut": false,
            "duration": 36,
            "state": "passed",
            "speed": "fast",
            "pass": true,
            "fail": false,
            "pending": false,
            "code": "// calling home page api\n    (0, _supertest2.default)(_server.server).get(\"/api/Events\").expect(\"Content-type\", /json/).expect(200) // This is HTTP response\n    .end(function (err, res) {\n      // HTTP status should be 200\n      res.status.should.equal(200);\n      done();\n    });",
            "err": {},
            "isRoot": false,
            "uuid": "6c276ee0-7e20-4a23-ab78-2bc406144ddd",
            "parentUUID": "0ecfde32-0993-4544-a978-b67da700a1d1",
            "isHook": false,
            "skipped": false
          },
          {
            "title": "should add an event",
            "fullTitle": "Events API unit tests should add an event",
            "timedOut": false,
            "duration": 0,
            "state": "failed",
            "pass": false,
            "fail": true,
            "pending": false,
            "code": "(0, _supertest2.default)(_server.server).post('/api/Events').send({ round: \"Test Round\", venue: \"Test Venue\", date: \"22/09/2017\" }).expect(\"Content-type\", /json/).expect(201).end(function (err, res) {\n  res.status.should.equal(201);\n  res.body.event.should.have.property('_id');\n  res.body.event.round.should.equal('Test Round');\n  done();\n});",
            "err": {
              "operator": "to be",
              "expected": "201",
              "showDiff": true,
              "actual": "500",
              "negate": false,
              "assertion": {
                "obj": 500,
                "anyOne": false,
                "negate": false,
                "params": {
                  "operator": "to be",
                  "expected": 201,
                  "showDiff": true,
                  "actual": 500,
                  "negate": false,
                  "assertion": "[Circular ~.suites.suites.1.tests.1.err.assertion]"
                },
                "light": false
              },
              "_message": "expected 500 to be 201",
              "generatedMessage": true,
              "uncaught": true,
              "estack": "AssertionError: expected 500 to be 201\n    at Assertion.fail (node_modules\\should\\cjs\\should.js:258:17)\n    at Assertion.value (node_modules\\should\\cjs\\should.js:335:19)\n    at Test.<anonymous> (C:/Users/ellingworthl/Documents/MASTERS_WIT/EWD_Assign2_WebAPI_Rebuild/test/testEventsApi.js:34:25)\n    at Test.assert (node_modules\\supertest\\lib\\test.js:179:6)\n    at Server.assert (node_modules\\supertest\\lib\\test.js:131:12)\n    at emitCloseNT (net.js:1555:8)\n    at _combinedTickCallback (internal/process/next_tick.js:71:11)\n    at process._tickCallback (internal/process/next_tick.js:98:9)",
              "diff": "- 500\n+ 201\n"
            },
            "isRoot": false,
            "uuid": "1e39f936-74ba-4a08-8529-d7c84c86aad6",
            "parentUUID": "0ecfde32-0993-4544-a978-b67da700a1d1",
            "isHook": false,
            "skipped": false
          },
          {
            "title": "should delete event",
            "fullTitle": "Events API unit tests should delete event",
            "timedOut": false,
            "duration": 0,
            "state": "failed",
            "pass": false,
            "fail": true,
            "pending": false,
            "code": "var superserver = (0, _supertest2.default)(_server.server);\nsuperserver.get(\"/api/Events\").expect(\"Content-type\", /json/).expect(200) // This is HTTP response\n.end(function (err, res) {\n  var id = res.body[0]._id;\n  superserver.delete(\"/api/Events/\" + id).expect(\"Content-type\", /json/).expect(200) // This is HTTP response\n  .end(function (err, res) {\n    res.body._id.should.equal(id);\n    res.body.should.have.property(\"round\");\n    done();\n  });\n});",
            "err": {
              "uncaught": true,
              "estack": "TypeError: Cannot read property '_id' of undefined\n    at Test.<anonymous> (C:/Users/ellingworthl/Documents/MASTERS_WIT/EWD_Assign2_WebAPI_Rebuild/test/testEventsApi.js:49:18)\n    at Test.assert (node_modules\\supertest\\lib\\test.js:179:6)\n    at Server.assert (node_modules\\supertest\\lib\\test.js:131:12)\n    at emitCloseNT (net.js:1555:8)\n    at _combinedTickCallback (internal/process/next_tick.js:71:11)\n    at process._tickCallback (internal/process/next_tick.js:98:9)"
            },
            "isRoot": false,
            "uuid": "80b0581e-2eca-4075-999d-5c54e6613f7d",
            "parentUUID": "0ecfde32-0993-4544-a978-b67da700a1d1",
            "isHook": false,
            "skipped": false
          },
          {
            "title": "should add and delete Event 999",
            "fullTitle": "Events API unit tests should add and delete Event 999",
            "timedOut": false,
            "duration": 0,
            "state": "failed",
            "pass": false,
            "fail": true,
            "pending": false,
            "code": "// post to /api/Events\n// calling home page api\nvar superserver = (0, _supertest2.default)(_server.server);\nsuperserver.get(\"/api/Events\").expect(\"Content-type\", /json/).expect(200) // This is HTTP response\n.end(function (err, res) {\n  var id = res.body[0]._id;\n  superserver.put(\"/api/Events/\" + id).send({ round: \"999 Round\", venue: \"999 Venue\", date: \"999 Date\" }).expect(\"Content-type\", /json/).expect(200) // This is HTTP response\n  .end(function (err, res) {\n    superserver.delete(\"/api/Events/\" + id).expect(\"Content-type\", /json/).expect(200) // This is HTTP response\n    .end(function (err, res) {\n      res.body._id.should.equal(id);\n      res.body.round.should.equal(\"Round 999\");\n      done();\n    });\n  });\n});",
            "err": {
              "uncaught": true,
              "estack": "TypeError: Cannot read property '_id' of undefined\n    at Test.<anonymous> (C:/Users/ellingworthl/Documents/MASTERS_WIT/EWD_Assign2_WebAPI_Rebuild/test/testEventsApi.js:74:20)\n    at Test.assert (node_modules\\supertest\\lib\\test.js:179:6)\n    at Server.assert (node_modules\\supertest\\lib\\test.js:131:12)\n    at emitCloseNT (net.js:1555:8)\n    at _combinedTickCallback (internal/process/next_tick.js:71:11)\n    at process._tickCallback (internal/process/next_tick.js:98:9)"
            },
            "isRoot": false,
            "uuid": "b08becc3-d501-4f7a-98f4-4de714f90999",
            "parentUUID": "0ecfde32-0993-4544-a978-b67da700a1d1",
            "isHook": false,
            "skipped": false
          }
        ],
        "pending": [],
        "root": false,
        "_timeout": 120000,
        "file": "\\test\\testEventsApi.js",
        "uuid": "0ecfde32-0993-4544-a978-b67da700a1d1",
        "failedHooks": [],
        "fullFile": "C:\\Users\\ellingworthl\\Documents\\MASTERS_WIT\\EWD_Assign2_WebAPI_Rebuild\\test\\testEventsApi.js",
        "passes": [
          {
            "title": "should return collection of JSON documents",
            "fullTitle": "Events API unit tests should return collection of JSON documents",
            "timedOut": false,
            "duration": 36,
            "state": "passed",
            "speed": "fast",
            "pass": true,
            "fail": false,
            "pending": false,
            "code": "// calling home page api\n    (0, _supertest2.default)(_server.server).get(\"/api/Events\").expect(\"Content-type\", /json/).expect(200) // This is HTTP response\n    .end(function (err, res) {\n      // HTTP status should be 200\n      res.status.should.equal(200);\n      done();\n    });",
            "err": {},
            "isRoot": false,
            "uuid": "6c276ee0-7e20-4a23-ab78-2bc406144ddd",
            "parentUUID": "0ecfde32-0993-4544-a978-b67da700a1d1",
            "isHook": false,
            "skipped": false
          }
        ],
        "failures": [
          {
            "title": "should add an event",
            "fullTitle": "Events API unit tests should add an event",
            "timedOut": false,
            "duration": 0,
            "state": "failed",
            "pass": false,
            "fail": true,
            "pending": false,
            "code": "(0, _supertest2.default)(_server.server).post('/api/Events').send({ round: \"Test Round\", venue: \"Test Venue\", date: \"22/09/2017\" }).expect(\"Content-type\", /json/).expect(201).end(function (err, res) {\n  res.status.should.equal(201);\n  res.body.event.should.have.property('_id');\n  res.body.event.round.should.equal('Test Round');\n  done();\n});",
            "err": {
              "operator": "to be",
              "expected": "201",
              "showDiff": true,
              "actual": "500",
              "negate": false,
              "assertion": {
                "obj": 500,
                "anyOne": false,
                "negate": false,
                "params": {
                  "operator": "to be",
                  "expected": 201,
                  "showDiff": true,
                  "actual": 500,
                  "negate": false,
                  "assertion": "[Circular ~.suites.suites.1.failures.0.err.assertion]"
                },
                "light": false
              },
              "_message": "expected 500 to be 201",
              "generatedMessage": true,
              "uncaught": true,
              "estack": "AssertionError: expected 500 to be 201\n    at Assertion.fail (node_modules\\should\\cjs\\should.js:258:17)\n    at Assertion.value (node_modules\\should\\cjs\\should.js:335:19)\n    at Test.<anonymous> (C:/Users/ellingworthl/Documents/MASTERS_WIT/EWD_Assign2_WebAPI_Rebuild/test/testEventsApi.js:34:25)\n    at Test.assert (node_modules\\supertest\\lib\\test.js:179:6)\n    at Server.assert (node_modules\\supertest\\lib\\test.js:131:12)\n    at emitCloseNT (net.js:1555:8)\n    at _combinedTickCallback (internal/process/next_tick.js:71:11)\n    at process._tickCallback (internal/process/next_tick.js:98:9)",
              "diff": "- 500\n+ 201\n"
            },
            "isRoot": false,
            "uuid": "1e39f936-74ba-4a08-8529-d7c84c86aad6",
            "parentUUID": "0ecfde32-0993-4544-a978-b67da700a1d1",
            "isHook": false,
            "skipped": false
          },
          {
            "title": "should delete event",
            "fullTitle": "Events API unit tests should delete event",
            "timedOut": false,
            "duration": 0,
            "state": "failed",
            "pass": false,
            "fail": true,
            "pending": false,
            "code": "var superserver = (0, _supertest2.default)(_server.server);\nsuperserver.get(\"/api/Events\").expect(\"Content-type\", /json/).expect(200) // This is HTTP response\n.end(function (err, res) {\n  var id = res.body[0]._id;\n  superserver.delete(\"/api/Events/\" + id).expect(\"Content-type\", /json/).expect(200) // This is HTTP response\n  .end(function (err, res) {\n    res.body._id.should.equal(id);\n    res.body.should.have.property(\"round\");\n    done();\n  });\n});",
            "err": {
              "uncaught": true,
              "estack": "TypeError: Cannot read property '_id' of undefined\n    at Test.<anonymous> (C:/Users/ellingworthl/Documents/MASTERS_WIT/EWD_Assign2_WebAPI_Rebuild/test/testEventsApi.js:49:18)\n    at Test.assert (node_modules\\supertest\\lib\\test.js:179:6)\n    at Server.assert (node_modules\\supertest\\lib\\test.js:131:12)\n    at emitCloseNT (net.js:1555:8)\n    at _combinedTickCallback (internal/process/next_tick.js:71:11)\n    at process._tickCallback (internal/process/next_tick.js:98:9)"
            },
            "isRoot": false,
            "uuid": "80b0581e-2eca-4075-999d-5c54e6613f7d",
            "parentUUID": "0ecfde32-0993-4544-a978-b67da700a1d1",
            "isHook": false,
            "skipped": false
          },
          {
            "title": "should add and delete Event 999",
            "fullTitle": "Events API unit tests should add and delete Event 999",
            "timedOut": false,
            "duration": 0,
            "state": "failed",
            "pass": false,
            "fail": true,
            "pending": false,
            "code": "// post to /api/Events\n// calling home page api\nvar superserver = (0, _supertest2.default)(_server.server);\nsuperserver.get(\"/api/Events\").expect(\"Content-type\", /json/).expect(200) // This is HTTP response\n.end(function (err, res) {\n  var id = res.body[0]._id;\n  superserver.put(\"/api/Events/\" + id).send({ round: \"999 Round\", venue: \"999 Venue\", date: \"999 Date\" }).expect(\"Content-type\", /json/).expect(200) // This is HTTP response\n  .end(function (err, res) {\n    superserver.delete(\"/api/Events/\" + id).expect(\"Content-type\", /json/).expect(200) // This is HTTP response\n    .end(function (err, res) {\n      res.body._id.should.equal(id);\n      res.body.round.should.equal(\"Round 999\");\n      done();\n    });\n  });\n});",
            "err": {
              "uncaught": true,
              "estack": "TypeError: Cannot read property '_id' of undefined\n    at Test.<anonymous> (C:/Users/ellingworthl/Documents/MASTERS_WIT/EWD_Assign2_WebAPI_Rebuild/test/testEventsApi.js:74:20)\n    at Test.assert (node_modules\\supertest\\lib\\test.js:179:6)\n    at Server.assert (node_modules\\supertest\\lib\\test.js:131:12)\n    at emitCloseNT (net.js:1555:8)\n    at _combinedTickCallback (internal/process/next_tick.js:71:11)\n    at process._tickCallback (internal/process/next_tick.js:98:9)"
            },
            "isRoot": false,
            "uuid": "b08becc3-d501-4f7a-98f4-4de714f90999",
            "parentUUID": "0ecfde32-0993-4544-a978-b67da700a1d1",
            "isHook": false,
            "skipped": false
          }
        ],
        "skipped": [],
        "hasTests": true,
        "hasFailedHooks": false,
        "hasSuites": false,
        "totalTests": 4,
        "totalPasses": 1,
        "totalFailures": 3,
        "totalPending": 0,
        "totalSkipped": 0,
        "hasPasses": true,
        "hasFailures": true,
        "hasPending": false,
        "hasSkipped": false,
        "duration": 36,
        "rootEmpty": false
      },
      {
        "title": "Reviews API unit tests",
        "suites": [],
        "tests": [
          {
            "title": "should return collection of JSON documents",
            "fullTitle": "Reviews API unit tests should return collection of JSON documents",
            "timedOut": false,
            "duration": 20,
            "state": "passed",
            "speed": "fast",
            "pass": true,
            "fail": false,
            "pending": false,
            "code": "// calling home page api\n    (0, _supertest2.default)(_server.server).get(\"/api/reviews\").expect(\"Content-type\", /json/).expect(200) // This is HTTP response\n    .end(function (err, res) {\n      // HTTP status should be 200\n      res.status.should.equal(200);\n      done();\n    });",
            "err": {},
            "isRoot": false,
            "uuid": "4280ae5c-c3ee-4331-8023-8b70c2e4c785",
            "parentUUID": "c1dbbe6d-470d-4fba-914d-9e9c3a864276",
            "isHook": false,
            "skipped": false
          },
          {
            "title": "should add a review",
            "fullTitle": "Reviews API unit tests should add a review",
            "timedOut": false,
            "duration": 0,
            "state": "failed",
            "pass": false,
            "fail": true,
            "pending": false,
            "code": "(0, _supertest2.default)(_server.server).post('/api/reviews').send({ title: \"Test Review\", link: \"https://www.rte.ie/news/brexit/\" }).expect(\"Content-type\", /json/).expect(201).end(function (err, res) {\n  res.status.should.equal(201);\n  res.body.review.should.have.property('_id');\n  res.body.review.title.should.equal('Test Review');\n  done();\n});",
            "err": {
              "operator": "to be",
              "expected": "201",
              "showDiff": true,
              "actual": "500",
              "negate": false,
              "assertion": {
                "obj": 500,
                "anyOne": false,
                "negate": false,
                "params": {
                  "operator": "to be",
                  "expected": 201,
                  "showDiff": true,
                  "actual": 500,
                  "negate": false,
                  "assertion": "[Circular ~.suites.suites.2.tests.1.err.assertion]"
                },
                "light": false
              },
              "_message": "expected 500 to be 201",
              "generatedMessage": true,
              "uncaught": true,
              "estack": "AssertionError: expected 500 to be 201\n    at Assertion.fail (node_modules\\should\\cjs\\should.js:258:17)\n    at Assertion.value (node_modules\\should\\cjs\\should.js:335:19)\n    at Test.<anonymous> (C:/Users/ellingworthl/Documents/MASTERS_WIT/EWD_Assign2_WebAPI_Rebuild/test/testReviewsApi.js:34:25)\n    at Test.assert (node_modules\\supertest\\lib\\test.js:179:6)\n    at Server.assert (node_modules\\supertest\\lib\\test.js:131:12)\n    at emitCloseNT (net.js:1555:8)\n    at _combinedTickCallback (internal/process/next_tick.js:71:11)\n    at process._tickCallback (internal/process/next_tick.js:98:9)",
              "diff": "- 500\n+ 201\n"
            },
            "isRoot": false,
            "uuid": "bd7a0663-a739-4195-8f7a-8d7b7c96bf8f",
            "parentUUID": "c1dbbe6d-470d-4fba-914d-9e9c3a864276",
            "isHook": false,
            "skipped": false
          },
          {
            "title": "should delete review",
            "fullTitle": "Reviews API unit tests should delete review",
            "timedOut": false,
            "duration": 0,
            "state": "failed",
            "pass": false,
            "fail": true,
            "pending": false,
            "code": "var superserver = (0, _supertest2.default)(_server.server);\nsuperserver.get(\"/api/reviews\").expect(\"Content-type\", /json/).expect(200) // This is HTTP response\n.end(function (err, res) {\n  var id = res.body[0]._id;\n  superserver.delete(\"/api/reviews/\" + id).expect(\"Content-type\", /json/).expect(200) // This is HTTP response\n  .end(function (err, res) {\n    res.body._id.should.equal(id);\n    res.body.should.have.property(\"title\");\n    done();\n  });\n});",
            "err": {
              "uncaught": true,
              "estack": "TypeError: Cannot read property '_id' of undefined\n    at Test.<anonymous> (C:/Users/ellingworthl/Documents/MASTERS_WIT/EWD_Assign2_WebAPI_Rebuild/test/testReviewsApi.js:49:18)\n    at Test.assert (node_modules\\supertest\\lib\\test.js:179:6)\n    at Server.assert (node_modules\\supertest\\lib\\test.js:131:12)\n    at emitCloseNT (net.js:1555:8)\n    at _combinedTickCallback (internal/process/next_tick.js:71:11)\n    at process._tickCallback (internal/process/next_tick.js:98:9)"
            },
            "isRoot": false,
            "uuid": "c2a15ee2-65bc-4234-aef9-7de60f665d4a",
            "parentUUID": "c1dbbe6d-470d-4fba-914d-9e9c3a864276",
            "isHook": false,
            "skipped": false
          },
          {
            "title": "should add and delete Review 999",
            "fullTitle": "Reviews API unit tests should add and delete Review 999",
            "timedOut": false,
            "duration": 0,
            "state": "failed",
            "pass": false,
            "fail": true,
            "pending": false,
            "code": "// post to /api/reviews\n// calling home page api\nvar superserver = (0, _supertest2.default)(_server.server);\nsuperserver.get(\"/api/reviews\").expect(\"Content-type\", /json/).expect(200) // This is HTTP response\n.end(function (err, res) {\n  var id = res.body[0]._id;\n  superserver.put(\"/api/reviews/\" + id).send({ title: \"Review 999\", link: \"Review Test Link\" }).expect(\"Content-type\", /json/).expect(200) // This is HTTP response\n  .end(function (err, res) {\n    superserver.delete(\"/api/reviews/\" + id).expect(\"Content-type\", /json/).expect(200) // THis is HTTP response\n    .end(function (err, res) {\n      res.body._id.should.equal(id);\n      res.body.title.should.equal(\"Review 999\");\n      done();\n    });\n  });\n});",
            "err": {
              "uncaught": true,
              "estack": "TypeError: Cannot read property '_id' of undefined\n    at Test.<anonymous> (C:/Users/ellingworthl/Documents/MASTERS_WIT/EWD_Assign2_WebAPI_Rebuild/test/testReviewsApi.js:74:20)\n    at Test.assert (node_modules\\supertest\\lib\\test.js:179:6)\n    at Server.assert (node_modules\\supertest\\lib\\test.js:131:12)\n    at emitCloseNT (net.js:1555:8)\n    at _combinedTickCallback (internal/process/next_tick.js:71:11)\n    at process._tickCallback (internal/process/next_tick.js:98:9)"
            },
            "isRoot": false,
            "uuid": "72a84b4d-7eb3-4775-92bb-60b11ad987dd",
            "parentUUID": "c1dbbe6d-470d-4fba-914d-9e9c3a864276",
            "isHook": false,
            "skipped": false
          }
        ],
        "pending": [],
        "root": false,
        "_timeout": 120000,
        "file": "\\test\\testReviewsApi.js",
        "uuid": "c1dbbe6d-470d-4fba-914d-9e9c3a864276",
        "failedHooks": [],
        "fullFile": "C:\\Users\\ellingworthl\\Documents\\MASTERS_WIT\\EWD_Assign2_WebAPI_Rebuild\\test\\testReviewsApi.js",
        "passes": [
          {
            "title": "should return collection of JSON documents",
            "fullTitle": "Reviews API unit tests should return collection of JSON documents",
            "timedOut": false,
            "duration": 20,
            "state": "passed",
            "speed": "fast",
            "pass": true,
            "fail": false,
            "pending": false,
            "code": "// calling home page api\n    (0, _supertest2.default)(_server.server).get(\"/api/reviews\").expect(\"Content-type\", /json/).expect(200) // This is HTTP response\n    .end(function (err, res) {\n      // HTTP status should be 200\n      res.status.should.equal(200);\n      done();\n    });",
            "err": {},
            "isRoot": false,
            "uuid": "4280ae5c-c3ee-4331-8023-8b70c2e4c785",
            "parentUUID": "c1dbbe6d-470d-4fba-914d-9e9c3a864276",
            "isHook": false,
            "skipped": false
          }
        ],
        "failures": [
          {
            "title": "should add a review",
            "fullTitle": "Reviews API unit tests should add a review",
            "timedOut": false,
            "duration": 0,
            "state": "failed",
            "pass": false,
            "fail": true,
            "pending": false,
            "code": "(0, _supertest2.default)(_server.server).post('/api/reviews').send({ title: \"Test Review\", link: \"https://www.rte.ie/news/brexit/\" }).expect(\"Content-type\", /json/).expect(201).end(function (err, res) {\n  res.status.should.equal(201);\n  res.body.review.should.have.property('_id');\n  res.body.review.title.should.equal('Test Review');\n  done();\n});",
            "err": {
              "operator": "to be",
              "expected": "201",
              "showDiff": true,
              "actual": "500",
              "negate": false,
              "assertion": {
                "obj": 500,
                "anyOne": false,
                "negate": false,
                "params": {
                  "operator": "to be",
                  "expected": 201,
                  "showDiff": true,
                  "actual": 500,
                  "negate": false,
                  "assertion": "[Circular ~.suites.suites.2.failures.0.err.assertion]"
                },
                "light": false
              },
              "_message": "expected 500 to be 201",
              "generatedMessage": true,
              "uncaught": true,
              "estack": "AssertionError: expected 500 to be 201\n    at Assertion.fail (node_modules\\should\\cjs\\should.js:258:17)\n    at Assertion.value (node_modules\\should\\cjs\\should.js:335:19)\n    at Test.<anonymous> (C:/Users/ellingworthl/Documents/MASTERS_WIT/EWD_Assign2_WebAPI_Rebuild/test/testReviewsApi.js:34:25)\n    at Test.assert (node_modules\\supertest\\lib\\test.js:179:6)\n    at Server.assert (node_modules\\supertest\\lib\\test.js:131:12)\n    at emitCloseNT (net.js:1555:8)\n    at _combinedTickCallback (internal/process/next_tick.js:71:11)\n    at process._tickCallback (internal/process/next_tick.js:98:9)",
              "diff": "- 500\n+ 201\n"
            },
            "isRoot": false,
            "uuid": "bd7a0663-a739-4195-8f7a-8d7b7c96bf8f",
            "parentUUID": "c1dbbe6d-470d-4fba-914d-9e9c3a864276",
            "isHook": false,
            "skipped": false
          },
          {
            "title": "should delete review",
            "fullTitle": "Reviews API unit tests should delete review",
            "timedOut": false,
            "duration": 0,
            "state": "failed",
            "pass": false,
            "fail": true,
            "pending": false,
            "code": "var superserver = (0, _supertest2.default)(_server.server);\nsuperserver.get(\"/api/reviews\").expect(\"Content-type\", /json/).expect(200) // This is HTTP response\n.end(function (err, res) {\n  var id = res.body[0]._id;\n  superserver.delete(\"/api/reviews/\" + id).expect(\"Content-type\", /json/).expect(200) // This is HTTP response\n  .end(function (err, res) {\n    res.body._id.should.equal(id);\n    res.body.should.have.property(\"title\");\n    done();\n  });\n});",
            "err": {
              "uncaught": true,
              "estack": "TypeError: Cannot read property '_id' of undefined\n    at Test.<anonymous> (C:/Users/ellingworthl/Documents/MASTERS_WIT/EWD_Assign2_WebAPI_Rebuild/test/testReviewsApi.js:49:18)\n    at Test.assert (node_modules\\supertest\\lib\\test.js:179:6)\n    at Server.assert (node_modules\\supertest\\lib\\test.js:131:12)\n    at emitCloseNT (net.js:1555:8)\n    at _combinedTickCallback (internal/process/next_tick.js:71:11)\n    at process._tickCallback (internal/process/next_tick.js:98:9)"
            },
            "isRoot": false,
            "uuid": "c2a15ee2-65bc-4234-aef9-7de60f665d4a",
            "parentUUID": "c1dbbe6d-470d-4fba-914d-9e9c3a864276",
            "isHook": false,
            "skipped": false
          },
          {
            "title": "should add and delete Review 999",
            "fullTitle": "Reviews API unit tests should add and delete Review 999",
            "timedOut": false,
            "duration": 0,
            "state": "failed",
            "pass": false,
            "fail": true,
            "pending": false,
            "code": "// post to /api/reviews\n// calling home page api\nvar superserver = (0, _supertest2.default)(_server.server);\nsuperserver.get(\"/api/reviews\").expect(\"Content-type\", /json/).expect(200) // This is HTTP response\n.end(function (err, res) {\n  var id = res.body[0]._id;\n  superserver.put(\"/api/reviews/\" + id).send({ title: \"Review 999\", link: \"Review Test Link\" }).expect(\"Content-type\", /json/).expect(200) // This is HTTP response\n  .end(function (err, res) {\n    superserver.delete(\"/api/reviews/\" + id).expect(\"Content-type\", /json/).expect(200) // THis is HTTP response\n    .end(function (err, res) {\n      res.body._id.should.equal(id);\n      res.body.title.should.equal(\"Review 999\");\n      done();\n    });\n  });\n});",
            "err": {
              "uncaught": true,
              "estack": "TypeError: Cannot read property '_id' of undefined\n    at Test.<anonymous> (C:/Users/ellingworthl/Documents/MASTERS_WIT/EWD_Assign2_WebAPI_Rebuild/test/testReviewsApi.js:74:20)\n    at Test.assert (node_modules\\supertest\\lib\\test.js:179:6)\n    at Server.assert (node_modules\\supertest\\lib\\test.js:131:12)\n    at emitCloseNT (net.js:1555:8)\n    at _combinedTickCallback (internal/process/next_tick.js:71:11)\n    at process._tickCallback (internal/process/next_tick.js:98:9)"
            },
            "isRoot": false,
            "uuid": "72a84b4d-7eb3-4775-92bb-60b11ad987dd",
            "parentUUID": "c1dbbe6d-470d-4fba-914d-9e9c3a864276",
            "isHook": false,
            "skipped": false
          }
        ],
        "skipped": [],
        "hasTests": true,
        "hasFailedHooks": false,
        "hasSuites": false,
        "totalTests": 4,
        "totalPasses": 1,
        "totalFailures": 3,
        "totalPending": 0,
        "totalSkipped": 0,
        "hasPasses": true,
        "hasFailures": true,
        "hasPending": false,
        "hasSkipped": false,
        "duration": 20,
        "rootEmpty": false
      },
      {
        "title": "Venues API unit tests",
        "suites": [],
        "tests": [
          {
            "title": "should return collection of JSON documents",
            "fullTitle": "Venues API unit tests should return collection of JSON documents",
            "timedOut": false,
            "duration": 23,
            "state": "passed",
            "speed": "fast",
            "pass": true,
            "fail": false,
            "pending": false,
            "code": "// calling home page api\n    (0, _supertest2.default)(_server.server).get(\"/api/venues\").expect(\"Content-type\", /json/).expect(200) // This is HTTP response\n    .end(function (err, res) {\n      // HTTP status should be 200\n      res.status.should.equal(200);\n      done();\n    });",
            "err": {},
            "isRoot": false,
            "uuid": "56400976-ece3-486d-8461-b4c5a692ee9b",
            "parentUUID": "abb98078-b0a2-4c97-9ea9-6863dda42763",
            "isHook": false,
            "skipped": false
          },
          {
            "title": "should add a venue",
            "fullTitle": "Venues API unit tests should add a venue",
            "timedOut": false,
            "duration": 26,
            "state": "passed",
            "speed": "fast",
            "pass": true,
            "fail": false,
            "pending": false,
            "code": "(0, _supertest2.default)(_server.server).post('/api/venues').send({ id: \"001\", name: \"Test Venue\", town: \"Test Town\", county: \"Test County\", phoneno: \"Test Ph #\", imageUrl: \"Test Image URL\" }).expect(\"Content-type\", /json/).expect(201).end(function (err, res) {\n  res.status.should.equal(201);\n  res.body.venue.should.have.property('_id');\n  res.body.venue.town.should.equal('Test Town');\n  done();\n});",
            "err": {},
            "isRoot": false,
            "uuid": "bad1f909-2ebd-41c5-b94b-ccbe753c6710",
            "parentUUID": "abb98078-b0a2-4c97-9ea9-6863dda42763",
            "isHook": false,
            "skipped": false
          },
          {
            "title": "should delete venue",
            "fullTitle": "Venues API unit tests should delete venue",
            "timedOut": false,
            "duration": 0,
            "state": "failed",
            "pass": false,
            "fail": true,
            "pending": false,
            "code": "var superserver = (0, _supertest2.default)(_server.server);\nsuperserver.get(\"/api/venues\").expect(\"Content-type\", /json/).expect(200) // This is HTTP response\n.end(function (err, res) {\n  var id = res.body[0]._id;\n  superserver.delete(\"/api/venues/\" + id).expect(\"Content-type\", /json/).expect(200) // This is HTTP response\n  .end(function (err, res) {\n    res.body._id.should.equal(id);\n    res.body.should.have.property(\"town\");\n    done();\n  });\n});",
            "err": {
              "uncaught": true,
              "estack": "TypeError: Cannot read property '_id' of undefined\n    at Test.<anonymous> (C:/Users/ellingworthl/Documents/MASTERS_WIT/EWD_Assign2_WebAPI_Rebuild/test/testVenuesApi.js:47:18)\n    at Test.assert (node_modules\\supertest\\lib\\test.js:179:6)\n    at Server.assert (node_modules\\supertest\\lib\\test.js:131:12)\n    at emitCloseNT (net.js:1555:8)\n    at _combinedTickCallback (internal/process/next_tick.js:71:11)\n    at process._tickCallback (internal/process/next_tick.js:98:9)"
            },
            "isRoot": false,
            "uuid": "d64ff82f-ee79-4f7a-b2e9-31db2bae7107",
            "parentUUID": "abb98078-b0a2-4c97-9ea9-6863dda42763",
            "isHook": false,
            "skipped": false
          },
          {
            "title": "should add and delete Venue 999",
            "fullTitle": "Venues API unit tests should add and delete Venue 999",
            "timedOut": false,
            "duration": 0,
            "state": "failed",
            "pass": false,
            "fail": true,
            "pending": false,
            "code": "// post to /api/venue\n// calling home page api\nvar superserver = (0, _supertest2.default)(_server.server);\nsuperserver.get(\"/api/venues\").expect(\"Content-type\", /json/).expect(200) // This is HTTP response\n.end(function (err, res) {\n  var id = res.body[0]._id;\n  superserver.put(\"/api/venues/\" + id).send({ id: \"001\", name: \"Venue 999\", town: \"999 Town\", county: \"999 County\", phoneno: \"999 Ph #\", imageUrl: \"999 Image URL\" }).expect(\"Content-type\", /json/).expect(200) // This is HTTP response\n  .end(function (err, res) {\n    superserver.delete(\"/api/venues/\" + id).expect(\"Content-type\", /json/).expect(200) // This is HTTP response\n    .end(function (err, res) {\n      res.body._id.should.equal(id);\n      res.body.name.should.equal(\"Venue 999\");\n      done();\n    });\n  });\n});",
            "err": {
              "uncaught": true,
              "estack": "TypeError: Cannot read property '_id' of undefined\n    at Test.<anonymous> (C:/Users/ellingworthl/Documents/MASTERS_WIT/EWD_Assign2_WebAPI_Rebuild/test/testVenuesApi.js:72:20)\n    at Test.assert (node_modules\\supertest\\lib\\test.js:179:6)\n    at Server.assert (node_modules\\supertest\\lib\\test.js:131:12)\n    at emitCloseNT (net.js:1555:8)\n    at _combinedTickCallback (internal/process/next_tick.js:71:11)\n    at process._tickCallback (internal/process/next_tick.js:98:9)"
            },
            "isRoot": false,
            "uuid": "40d71098-f89e-40d8-b26f-ad8d17b584f1",
            "parentUUID": "abb98078-b0a2-4c97-9ea9-6863dda42763",
            "isHook": false,
            "skipped": false
          }
        ],
        "pending": [],
        "root": false,
        "_timeout": 120000,
        "file": "\\test\\testVenuesApi.js",
        "uuid": "abb98078-b0a2-4c97-9ea9-6863dda42763",
        "failedHooks": [],
        "fullFile": "C:\\Users\\ellingworthl\\Documents\\MASTERS_WIT\\EWD_Assign2_WebAPI_Rebuild\\test\\testVenuesApi.js",
        "passes": [
          {
            "title": "should return collection of JSON documents",
            "fullTitle": "Venues API unit tests should return collection of JSON documents",
            "timedOut": false,
            "duration": 23,
            "state": "passed",
            "speed": "fast",
            "pass": true,
            "fail": false,
            "pending": false,
            "code": "// calling home page api\n    (0, _supertest2.default)(_server.server).get(\"/api/venues\").expect(\"Content-type\", /json/).expect(200) // This is HTTP response\n    .end(function (err, res) {\n      // HTTP status should be 200\n      res.status.should.equal(200);\n      done();\n    });",
            "err": {},
            "isRoot": false,
            "uuid": "56400976-ece3-486d-8461-b4c5a692ee9b",
            "parentUUID": "abb98078-b0a2-4c97-9ea9-6863dda42763",
            "isHook": false,
            "skipped": false
          },
          {
            "title": "should add a venue",
            "fullTitle": "Venues API unit tests should add a venue",
            "timedOut": false,
            "duration": 26,
            "state": "passed",
            "speed": "fast",
            "pass": true,
            "fail": false,
            "pending": false,
            "code": "(0, _supertest2.default)(_server.server).post('/api/venues').send({ id: \"001\", name: \"Test Venue\", town: \"Test Town\", county: \"Test County\", phoneno: \"Test Ph #\", imageUrl: \"Test Image URL\" }).expect(\"Content-type\", /json/).expect(201).end(function (err, res) {\n  res.status.should.equal(201);\n  res.body.venue.should.have.property('_id');\n  res.body.venue.town.should.equal('Test Town');\n  done();\n});",
            "err": {},
            "isRoot": false,
            "uuid": "bad1f909-2ebd-41c5-b94b-ccbe753c6710",
            "parentUUID": "abb98078-b0a2-4c97-9ea9-6863dda42763",
            "isHook": false,
            "skipped": false
          }
        ],
        "failures": [
          {
            "title": "should delete venue",
            "fullTitle": "Venues API unit tests should delete venue",
            "timedOut": false,
            "duration": 0,
            "state": "failed",
            "pass": false,
            "fail": true,
            "pending": false,
            "code": "var superserver = (0, _supertest2.default)(_server.server);\nsuperserver.get(\"/api/venues\").expect(\"Content-type\", /json/).expect(200) // This is HTTP response\n.end(function (err, res) {\n  var id = res.body[0]._id;\n  superserver.delete(\"/api/venues/\" + id).expect(\"Content-type\", /json/).expect(200) // This is HTTP response\n  .end(function (err, res) {\n    res.body._id.should.equal(id);\n    res.body.should.have.property(\"town\");\n    done();\n  });\n});",
            "err": {
              "uncaught": true,
              "estack": "TypeError: Cannot read property '_id' of undefined\n    at Test.<anonymous> (C:/Users/ellingworthl/Documents/MASTERS_WIT/EWD_Assign2_WebAPI_Rebuild/test/testVenuesApi.js:47:18)\n    at Test.assert (node_modules\\supertest\\lib\\test.js:179:6)\n    at Server.assert (node_modules\\supertest\\lib\\test.js:131:12)\n    at emitCloseNT (net.js:1555:8)\n    at _combinedTickCallback (internal/process/next_tick.js:71:11)\n    at process._tickCallback (internal/process/next_tick.js:98:9)"
            },
            "isRoot": false,
            "uuid": "d64ff82f-ee79-4f7a-b2e9-31db2bae7107",
            "parentUUID": "abb98078-b0a2-4c97-9ea9-6863dda42763",
            "isHook": false,
            "skipped": false
          },
          {
            "title": "should add and delete Venue 999",
            "fullTitle": "Venues API unit tests should add and delete Venue 999",
            "timedOut": false,
            "duration": 0,
            "state": "failed",
            "pass": false,
            "fail": true,
            "pending": false,
            "code": "// post to /api/venue\n// calling home page api\nvar superserver = (0, _supertest2.default)(_server.server);\nsuperserver.get(\"/api/venues\").expect(\"Content-type\", /json/).expect(200) // This is HTTP response\n.end(function (err, res) {\n  var id = res.body[0]._id;\n  superserver.put(\"/api/venues/\" + id).send({ id: \"001\", name: \"Venue 999\", town: \"999 Town\", county: \"999 County\", phoneno: \"999 Ph #\", imageUrl: \"999 Image URL\" }).expect(\"Content-type\", /json/).expect(200) // This is HTTP response\n  .end(function (err, res) {\n    superserver.delete(\"/api/venues/\" + id).expect(\"Content-type\", /json/).expect(200) // This is HTTP response\n    .end(function (err, res) {\n      res.body._id.should.equal(id);\n      res.body.name.should.equal(\"Venue 999\");\n      done();\n    });\n  });\n});",
            "err": {
              "uncaught": true,
              "estack": "TypeError: Cannot read property '_id' of undefined\n    at Test.<anonymous> (C:/Users/ellingworthl/Documents/MASTERS_WIT/EWD_Assign2_WebAPI_Rebuild/test/testVenuesApi.js:72:20)\n    at Test.assert (node_modules\\supertest\\lib\\test.js:179:6)\n    at Server.assert (node_modules\\supertest\\lib\\test.js:131:12)\n    at emitCloseNT (net.js:1555:8)\n    at _combinedTickCallback (internal/process/next_tick.js:71:11)\n    at process._tickCallback (internal/process/next_tick.js:98:9)"
            },
            "isRoot": false,
            "uuid": "40d71098-f89e-40d8-b26f-ad8d17b584f1",
            "parentUUID": "abb98078-b0a2-4c97-9ea9-6863dda42763",
            "isHook": false,
            "skipped": false
          }
        ],
        "skipped": [],
        "hasTests": true,
        "hasFailedHooks": false,
        "hasSuites": false,
        "totalTests": 4,
        "totalPasses": 2,
        "totalFailures": 2,
        "totalPending": 0,
        "totalSkipped": 0,
        "hasPasses": true,
        "hasFailures": true,
        "hasPending": false,
        "hasSkipped": false,
        "duration": 49,
        "rootEmpty": false
      }
    ],
    "tests": [],
    "pending": [],
    "root": true,
    "_timeout": 2000,
    "uuid": "9b9343a3-95a0-46b4-b8cb-00bf29f57f66",
    "failedHooks": [],
    "fullFile": "",
    "file": "",
    "passes": [],
    "failures": [],
    "skipped": [],
    "hasTests": false,
    "hasFailedHooks": false,
    "hasSuites": true,
    "totalTests": 0,
    "totalPasses": 0,
    "totalFailures": 0,
    "totalPending": 0,
    "totalSkipped": 0,
    "hasPasses": false,
    "hasFailures": false,
    "hasPending": false,
    "hasSkipped": false,
    "duration": 0,
    "rootEmpty": true
  },
  "allTests": [
    {
      "title": "should return collection of JSON documents",
      "fullTitle": "Details API unit tests should return collection of JSON documents",
      "timedOut": false,
      "duration": 0,
      "state": "failed",
      "pass": false,
      "fail": true,
      "pending": false,
      "code": "// calling home page api\n    (0, _supertest2.default)(_server.server).get(\"/api/details\").expect(\"Content-type\", /json/).expect(200) // This is HTTP response\n    .end(function (err, res) {\n      // HTTP status should be 200\n      res.status.should.equal(200);\n      done();\n    });",
      "err": {
        "operator": "to be",
        "expected": "200",
        "showDiff": true,
        "actual": "404",
        "negate": false,
        "assertion": {
          "obj": 404,
          "anyOne": false,
          "negate": false,
          "params": {
            "operator": "to be",
            "expected": 200,
            "showDiff": true,
            "actual": 404,
            "negate": false,
            "assertion": "[Circular ~.allTests.0.err.assertion]"
          },
          "light": false
        },
        "_message": "expected 404 to be 200",
        "generatedMessage": true,
        "uncaught": true,
        "estack": "AssertionError: expected 404 to be 200\n    at Assertion.fail (node_modules\\should\\cjs\\should.js:258:17)\n    at Assertion.value (node_modules\\should\\cjs\\should.js:335:19)\n    at Test.<anonymous> (C:/Users/ellingworthl/Documents/MASTERS_WIT/EWD_Assign2_WebAPI_Rebuild/test/testDetailsApi.js:19:25)\n    at Test.assert (node_modules\\supertest\\lib\\test.js:179:6)\n    at Server.assert (node_modules\\supertest\\lib\\test.js:131:12)\n    at emitCloseNT (net.js:1555:8)\n    at _combinedTickCallback (internal/process/next_tick.js:71:11)\n    at process._tickCallback (internal/process/next_tick.js:98:9)",
        "diff": "- 404\n+ 200\n"
      },
      "isRoot": false,
      "uuid": "7d4b74d9-d6b5-4cae-a798-1bfe694f11a4",
      "parentUUID": "f0e72878-fc22-4392-96bf-582339f2b192",
      "isHook": false,
      "skipped": false
    },
    {
      "title": "should add a venue detail",
      "fullTitle": "Details API unit tests should add a venue detail",
      "timedOut": false,
      "duration": 0,
      "state": "failed",
      "pass": false,
      "fail": true,
      "pending": false,
      "code": "(0, _supertest2.default)(_server.server).post('/api/details').send({ id: \"001\", name: \"Test Venue\", description: \"Test Discription\", type: \"Test Type\", link: \"Test URL\", association: \"Test association\", parking: \"Test parking\", toilet: \"Test W/C\", refreshments: \"Test refreshments\", other: \"Test Other\", directions: \"Test directions URL\", images: \"Test Image0\", images1: \"Test Image1\" }).expect(\"Content-type\", /json/).expect(201).end(function (err, res) {\n  res.status.should.equal(201);\n  res.body.details.should.have.property('_id');\n  res.body.details.description.should.equal('Test Discription');\n  done();\n});",
      "err": {
        "operator": "to be",
        "expected": "201",
        "showDiff": true,
        "actual": "404",
        "negate": false,
        "assertion": {
          "obj": 404,
          "anyOne": false,
          "negate": false,
          "params": {
            "operator": "to be",
            "expected": 201,
            "showDiff": true,
            "actual": 404,
            "negate": false,
            "assertion": "[Circular ~.allTests.1.err.assertion]"
          },
          "light": false
        },
        "_message": "expected 404 to be 201",
        "generatedMessage": true,
        "uncaught": true,
        "estack": "AssertionError: expected 404 to be 201\n    at Assertion.fail (node_modules\\should\\cjs\\should.js:258:17)\n    at Assertion.value (node_modules\\should\\cjs\\should.js:335:19)\n    at Test.<anonymous> (C:/Users/ellingworthl/Documents/MASTERS_WIT/EWD_Assign2_WebAPI_Rebuild/test/testDetailsApi.js:32:25)\n    at Test.assert (node_modules\\supertest\\lib\\test.js:179:6)\n    at Server.assert (node_modules\\supertest\\lib\\test.js:131:12)\n    at emitCloseNT (net.js:1555:8)\n    at _combinedTickCallback (internal/process/next_tick.js:71:11)\n    at process._tickCallback (internal/process/next_tick.js:98:9)",
        "diff": "- 404\n+ 201\n"
      },
      "isRoot": false,
      "uuid": "16184194-d6f2-45c3-bbcd-adebcb4e356c",
      "parentUUID": "f0e72878-fc22-4392-96bf-582339f2b192",
      "isHook": false,
      "skipped": false
    },
    {
      "title": "should delete venue",
      "fullTitle": "Details API unit tests should delete venue",
      "timedOut": false,
      "duration": 0,
      "state": "failed",
      "pass": false,
      "fail": true,
      "pending": false,
      "code": "var superserver = (0, _supertest2.default)(_server.server);\nsuperserver.get(\"/api/details\").expect(\"Content-type\", /json/).expect(200) // This is HTTP response\n.end(function (err, res) {\n  var id = res.body[0]._id;\n  superserver.delete(\"/api/details/\" + id).expect(\"Content-type\", /json/).expect(200) // This is HTTP response\n  .end(function (err, res) {\n    res.body._id.should.equal(id);\n    res.body.should.have.property(\"description\");\n    done();\n  });\n});",
      "err": {
        "uncaught": true,
        "estack": "TypeError: Cannot read property '_id' of undefined\n    at Test.<anonymous> (C:/Users/ellingworthl/Documents/MASTERS_WIT/EWD_Assign2_WebAPI_Rebuild/test/testDetailsApi.js:47:18)\n    at Test.assert (node_modules\\supertest\\lib\\test.js:179:6)\n    at Server.assert (node_modules\\supertest\\lib\\test.js:131:12)\n    at emitCloseNT (net.js:1555:8)\n    at _combinedTickCallback (internal/process/next_tick.js:71:11)\n    at process._tickCallback (internal/process/next_tick.js:98:9)"
      },
      "isRoot": false,
      "uuid": "26079b70-2178-4855-912c-b8254b1eb029",
      "parentUUID": "f0e72878-fc22-4392-96bf-582339f2b192",
      "isHook": false,
      "skipped": false
    },
    {
      "title": "should add and delete Venue Detail 999",
      "fullTitle": "Details API unit tests should add and delete Venue Detail 999",
      "timedOut": false,
      "duration": 0,
      "state": "failed",
      "pass": false,
      "fail": true,
      "pending": false,
      "code": "// post to /api/details\n// calling home page api\nvar superserver = (0, _supertest2.default)(_server.server);\nsuperserver.get(\"/api/details\").expect(\"Content-type\", /json/).expect(200) // This is HTTP response\n.end(function (err, res) {\n  var id = res.body[0]._id;\n  superserver.put(\"/api/details/\" + id).send({ id: \"001\", name: \"999 Venue\", description: \"999 Discription\", type: \"999 Type\", link: \"999 URL\", association: \"999 association\", parking: \"999 parking\", toilet: \"999 W/C\", refreshments: \"999 refreshments\", other: \"999 Other\", directions: \"999 directions URL\", images: \"999 Image0\", images1: \"999 Image1\" }).expect(\"Content-type\", /json/).expect(200) // This is HTTP response\n  .end(function (err, res) {\n    superserver.delete(\"/api/details/\" + id).expect(\"Content-type\", /json/).expect(200) // This is HTTP response\n    .end(function (err, res) {\n      res.body._id.should.equal(id);\n      res.body.name.should.equal(\"Venue 999\");\n      done();\n    });\n  });\n});",
      "err": {
        "uncaught": true,
        "estack": "TypeError: Cannot read property '_id' of undefined\n    at Test.<anonymous> (C:/Users/ellingworthl/Documents/MASTERS_WIT/EWD_Assign2_WebAPI_Rebuild/test/testDetailsApi.js:72:20)\n    at Test.assert (node_modules\\supertest\\lib\\test.js:179:6)\n    at Server.assert (node_modules\\supertest\\lib\\test.js:131:12)\n    at emitCloseNT (net.js:1555:8)\n    at _combinedTickCallback (internal/process/next_tick.js:71:11)\n    at process._tickCallback (internal/process/next_tick.js:98:9)"
      },
      "isRoot": false,
      "uuid": "e6e0eec1-e7ff-4b91-a89e-1436bd5beed4",
      "parentUUID": "f0e72878-fc22-4392-96bf-582339f2b192",
      "isHook": false,
      "skipped": false
    },
    {
      "title": "should return collection of JSON documents",
      "fullTitle": "Events API unit tests should return collection of JSON documents",
      "timedOut": false,
      "duration": 36,
      "state": "passed",
      "speed": "fast",
      "pass": true,
      "fail": false,
      "pending": false,
      "code": "// calling home page api\n    (0, _supertest2.default)(_server.server).get(\"/api/Events\").expect(\"Content-type\", /json/).expect(200) // This is HTTP response\n    .end(function (err, res) {\n      // HTTP status should be 200\n      res.status.should.equal(200);\n      done();\n    });",
      "err": {},
      "isRoot": false,
      "uuid": "6c276ee0-7e20-4a23-ab78-2bc406144ddd",
      "parentUUID": "0ecfde32-0993-4544-a978-b67da700a1d1",
      "isHook": false,
      "skipped": false
    },
    {
      "title": "should add an event",
      "fullTitle": "Events API unit tests should add an event",
      "timedOut": false,
      "duration": 0,
      "state": "failed",
      "pass": false,
      "fail": true,
      "pending": false,
      "code": "(0, _supertest2.default)(_server.server).post('/api/Events').send({ round: \"Test Round\", venue: \"Test Venue\", date: \"22/09/2017\" }).expect(\"Content-type\", /json/).expect(201).end(function (err, res) {\n  res.status.should.equal(201);\n  res.body.event.should.have.property('_id');\n  res.body.event.round.should.equal('Test Round');\n  done();\n});",
      "err": {
        "operator": "to be",
        "expected": "201",
        "showDiff": true,
        "actual": "500",
        "negate": false,
        "assertion": {
          "obj": 500,
          "anyOne": false,
          "negate": false,
          "params": {
            "operator": "to be",
            "expected": 201,
            "showDiff": true,
            "actual": 500,
            "negate": false,
            "assertion": "[Circular ~.allTests.5.err.assertion]"
          },
          "light": false
        },
        "_message": "expected 500 to be 201",
        "generatedMessage": true,
        "uncaught": true,
        "estack": "AssertionError: expected 500 to be 201\n    at Assertion.fail (node_modules\\should\\cjs\\should.js:258:17)\n    at Assertion.value (node_modules\\should\\cjs\\should.js:335:19)\n    at Test.<anonymous> (C:/Users/ellingworthl/Documents/MASTERS_WIT/EWD_Assign2_WebAPI_Rebuild/test/testEventsApi.js:34:25)\n    at Test.assert (node_modules\\supertest\\lib\\test.js:179:6)\n    at Server.assert (node_modules\\supertest\\lib\\test.js:131:12)\n    at emitCloseNT (net.js:1555:8)\n    at _combinedTickCallback (internal/process/next_tick.js:71:11)\n    at process._tickCallback (internal/process/next_tick.js:98:9)",
        "diff": "- 500\n+ 201\n"
      },
      "isRoot": false,
      "uuid": "1e39f936-74ba-4a08-8529-d7c84c86aad6",
      "parentUUID": "0ecfde32-0993-4544-a978-b67da700a1d1",
      "isHook": false,
      "skipped": false
    },
    {
      "title": "should delete event",
      "fullTitle": "Events API unit tests should delete event",
      "timedOut": false,
      "duration": 0,
      "state": "failed",
      "pass": false,
      "fail": true,
      "pending": false,
      "code": "var superserver = (0, _supertest2.default)(_server.server);\nsuperserver.get(\"/api/Events\").expect(\"Content-type\", /json/).expect(200) // This is HTTP response\n.end(function (err, res) {\n  var id = res.body[0]._id;\n  superserver.delete(\"/api/Events/\" + id).expect(\"Content-type\", /json/).expect(200) // This is HTTP response\n  .end(function (err, res) {\n    res.body._id.should.equal(id);\n    res.body.should.have.property(\"round\");\n    done();\n  });\n});",
      "err": {
        "uncaught": true,
        "estack": "TypeError: Cannot read property '_id' of undefined\n    at Test.<anonymous> (C:/Users/ellingworthl/Documents/MASTERS_WIT/EWD_Assign2_WebAPI_Rebuild/test/testEventsApi.js:49:18)\n    at Test.assert (node_modules\\supertest\\lib\\test.js:179:6)\n    at Server.assert (node_modules\\supertest\\lib\\test.js:131:12)\n    at emitCloseNT (net.js:1555:8)\n    at _combinedTickCallback (internal/process/next_tick.js:71:11)\n    at process._tickCallback (internal/process/next_tick.js:98:9)"
      },
      "isRoot": false,
      "uuid": "80b0581e-2eca-4075-999d-5c54e6613f7d",
      "parentUUID": "0ecfde32-0993-4544-a978-b67da700a1d1",
      "isHook": false,
      "skipped": false
    },
    {
      "title": "should add and delete Event 999",
      "fullTitle": "Events API unit tests should add and delete Event 999",
      "timedOut": false,
      "duration": 0,
      "state": "failed",
      "pass": false,
      "fail": true,
      "pending": false,
      "code": "// post to /api/Events\n// calling home page api\nvar superserver = (0, _supertest2.default)(_server.server);\nsuperserver.get(\"/api/Events\").expect(\"Content-type\", /json/).expect(200) // This is HTTP response\n.end(function (err, res) {\n  var id = res.body[0]._id;\n  superserver.put(\"/api/Events/\" + id).send({ round: \"999 Round\", venue: \"999 Venue\", date: \"999 Date\" }).expect(\"Content-type\", /json/).expect(200) // This is HTTP response\n  .end(function (err, res) {\n    superserver.delete(\"/api/Events/\" + id).expect(\"Content-type\", /json/).expect(200) // This is HTTP response\n    .end(function (err, res) {\n      res.body._id.should.equal(id);\n      res.body.round.should.equal(\"Round 999\");\n      done();\n    });\n  });\n});",
      "err": {
        "uncaught": true,
        "estack": "TypeError: Cannot read property '_id' of undefined\n    at Test.<anonymous> (C:/Users/ellingworthl/Documents/MASTERS_WIT/EWD_Assign2_WebAPI_Rebuild/test/testEventsApi.js:74:20)\n    at Test.assert (node_modules\\supertest\\lib\\test.js:179:6)\n    at Server.assert (node_modules\\supertest\\lib\\test.js:131:12)\n    at emitCloseNT (net.js:1555:8)\n    at _combinedTickCallback (internal/process/next_tick.js:71:11)\n    at process._tickCallback (internal/process/next_tick.js:98:9)"
      },
      "isRoot": false,
      "uuid": "b08becc3-d501-4f7a-98f4-4de714f90999",
      "parentUUID": "0ecfde32-0993-4544-a978-b67da700a1d1",
      "isHook": false,
      "skipped": false
    },
    {
      "title": "should return collection of JSON documents",
      "fullTitle": "Reviews API unit tests should return collection of JSON documents",
      "timedOut": false,
      "duration": 20,
      "state": "passed",
      "speed": "fast",
      "pass": true,
      "fail": false,
      "pending": false,
      "code": "// calling home page api\n    (0, _supertest2.default)(_server.server).get(\"/api/reviews\").expect(\"Content-type\", /json/).expect(200) // This is HTTP response\n    .end(function (err, res) {\n      // HTTP status should be 200\n      res.status.should.equal(200);\n      done();\n    });",
      "err": {},
      "isRoot": false,
      "uuid": "4280ae5c-c3ee-4331-8023-8b70c2e4c785",
      "parentUUID": "c1dbbe6d-470d-4fba-914d-9e9c3a864276",
      "isHook": false,
      "skipped": false
    },
    {
      "title": "should add a review",
      "fullTitle": "Reviews API unit tests should add a review",
      "timedOut": false,
      "duration": 0,
      "state": "failed",
      "pass": false,
      "fail": true,
      "pending": false,
      "code": "(0, _supertest2.default)(_server.server).post('/api/reviews').send({ title: \"Test Review\", link: \"https://www.rte.ie/news/brexit/\" }).expect(\"Content-type\", /json/).expect(201).end(function (err, res) {\n  res.status.should.equal(201);\n  res.body.review.should.have.property('_id');\n  res.body.review.title.should.equal('Test Review');\n  done();\n});",
      "err": {
        "operator": "to be",
        "expected": "201",
        "showDiff": true,
        "actual": "500",
        "negate": false,
        "assertion": {
          "obj": 500,
          "anyOne": false,
          "negate": false,
          "params": {
            "operator": "to be",
            "expected": 201,
            "showDiff": true,
            "actual": 500,
            "negate": false,
            "assertion": "[Circular ~.allTests.9.err.assertion]"
          },
          "light": false
        },
        "_message": "expected 500 to be 201",
        "generatedMessage": true,
        "uncaught": true,
        "estack": "AssertionError: expected 500 to be 201\n    at Assertion.fail (node_modules\\should\\cjs\\should.js:258:17)\n    at Assertion.value (node_modules\\should\\cjs\\should.js:335:19)\n    at Test.<anonymous> (C:/Users/ellingworthl/Documents/MASTERS_WIT/EWD_Assign2_WebAPI_Rebuild/test/testReviewsApi.js:34:25)\n    at Test.assert (node_modules\\supertest\\lib\\test.js:179:6)\n    at Server.assert (node_modules\\supertest\\lib\\test.js:131:12)\n    at emitCloseNT (net.js:1555:8)\n    at _combinedTickCallback (internal/process/next_tick.js:71:11)\n    at process._tickCallback (internal/process/next_tick.js:98:9)",
        "diff": "- 500\n+ 201\n"
      },
      "isRoot": false,
      "uuid": "bd7a0663-a739-4195-8f7a-8d7b7c96bf8f",
      "parentUUID": "c1dbbe6d-470d-4fba-914d-9e9c3a864276",
      "isHook": false,
      "skipped": false
    },
    {
      "title": "should delete review",
      "fullTitle": "Reviews API unit tests should delete review",
      "timedOut": false,
      "duration": 0,
      "state": "failed",
      "pass": false,
      "fail": true,
      "pending": false,
      "code": "var superserver = (0, _supertest2.default)(_server.server);\nsuperserver.get(\"/api/reviews\").expect(\"Content-type\", /json/).expect(200) // This is HTTP response\n.end(function (err, res) {\n  var id = res.body[0]._id;\n  superserver.delete(\"/api/reviews/\" + id).expect(\"Content-type\", /json/).expect(200) // This is HTTP response\n  .end(function (err, res) {\n    res.body._id.should.equal(id);\n    res.body.should.have.property(\"title\");\n    done();\n  });\n});",
      "err": {
        "uncaught": true,
        "estack": "TypeError: Cannot read property '_id' of undefined\n    at Test.<anonymous> (C:/Users/ellingworthl/Documents/MASTERS_WIT/EWD_Assign2_WebAPI_Rebuild/test/testReviewsApi.js:49:18)\n    at Test.assert (node_modules\\supertest\\lib\\test.js:179:6)\n    at Server.assert (node_modules\\supertest\\lib\\test.js:131:12)\n    at emitCloseNT (net.js:1555:8)\n    at _combinedTickCallback (internal/process/next_tick.js:71:11)\n    at process._tickCallback (internal/process/next_tick.js:98:9)"
      },
      "isRoot": false,
      "uuid": "c2a15ee2-65bc-4234-aef9-7de60f665d4a",
      "parentUUID": "c1dbbe6d-470d-4fba-914d-9e9c3a864276",
      "isHook": false,
      "skipped": false
    },
    {
      "title": "should add and delete Review 999",
      "fullTitle": "Reviews API unit tests should add and delete Review 999",
      "timedOut": false,
      "duration": 0,
      "state": "failed",
      "pass": false,
      "fail": true,
      "pending": false,
[...]
      "duration": 0,
      "state": "failed",
      "pass": false,
      "fail": true,
      "pending": false,
      "code": "(0, _supertest2.default)(_server.server).post('/api/details').send({ id: \"001\", name: \"Test Venue\", description: \"Test Discription\", type: \"Test Type\", link: \"Test URL\", association: \"Test association\", parking: \"Test parking\", toilet: \"Test W/C\", refreshments: \"Test refreshments\", other: \"Test Other\", directions: \"Test directions URL\", images: \"Test Image0\", images1: \"Test Image1\" }).expect(\"Content-type\", /json/).expect(201).end(function (err, res) {\n  res.status.should.equal(201);\n  res.body.details.should.have.property('_id');\n  res.body.details.description.should.equal('Test Discription');\n  done();\n});",
      "err": {
        "operator": "to be",
        "expected": "201",
        "showDiff": true,
        "actual": "404",
        "negate": false,
        "assertion": {
          "obj": 404,
          "anyOne": false,
          "negate": false,
          "params": {
            "operator": "to be",
            "expected": 201,
            "showDiff": true,
            "actual": 404,
            "negate": false,
            "assertion": "[Circular ~.allFailures.2.err.assertion]"
          },
          "light": false
        },
        "_message": "expected 404 to be 201",
        "generatedMessage": true,
        "uncaught": true,
        "estack": "AssertionError: expected 404 to be 201\n    at Assertion.fail (node_modules\\should\\cjs\\should.js:258:17)\n    at Assertion.value (node_modules\\should\\cjs\\should.js:335:19)\n    at Test.<anonymous> (C:/Users/ellingworthl/Documents/MASTERS_WIT/EWD_Assign2_WebAPI_Rebuild/test/testDetailsApi.js:32:25)\n    at Test.assert (node_modules\\supertest\\lib\\test.js:179:6)\n    at Server.assert (node_modules\\supertest\\lib\\test.js:131:12)\n    at emitCloseNT (net.js:1555:8)\n    at _combinedTickCallback (internal/process/next_tick.js:71:11)\n    at process._tickCallback (internal/process/next_tick.js:98:9)",
        "diff": "- 404\n+ 201\n"
      },
      "isRoot": false,
      "uuid": "16184194-d6f2-45c3-bbcd-adebcb4e356c",
      "parentUUID": "f0e72878-fc22-4392-96bf-582339f2b192",
      "isHook": false,
      "skipped": false
    },
    {
      "title": "should delete venue",
      "fullTitle": "Details API unit tests should delete venue",
      "timedOut": false,
      "duration": 0,
      "state": "failed",
      "pass": false,
      "fail": true,
      "pending": false,
      "code": "var superserver = (0, _supertest2.default)(_server.server);\nsuperserver.get(\"/api/details\").expect(\"Content-type\", /json/).expect(200) // This is HTTP response\n.end(function (err, res) {\n  var id = res.body[0]._id;\n  superserver.delete(\"/api/details/\" + id).expect(\"Content-type\", /json/).expect(200) // This is HTTP response\n  .end(function (err, res) {\n    res.body._id.should.equal(id);\n    res.body.should.have.property(\"description\");\n    done();\n  });\n});",
      "err": {
        "uncaught": true,
        "estack": "TypeError: Cannot read property '_id' of undefined\n    at Test.<anonymous> (C:/Users/ellingworthl/Documents/MASTERS_WIT/EWD_Assign2_WebAPI_Rebuild/test/testDetailsApi.js:47:18)\n    at Test.assert (node_modules\\supertest\\lib\\test.js:179:6)\n    at Server.assert (node_modules\\supertest\\lib\\test.js:131:12)\n    at emitCloseNT (net.js:1555:8)\n    at _combinedTickCallback (internal/process/next_tick.js:71:11)\n    at process._tickCallback (internal/process/next_tick.js:98:9)"
      },
      "isRoot": false,
      "uuid": "26079b70-2178-4855-912c-b8254b1eb029",
      "parentUUID": "f0e72878-fc22-4392-96bf-582339f2b192",
      "isHook": false,
      "skipped": false
    },
    {
      "title": "should add and delete Venue Detail 999",
      "fullTitle": "Details API unit tests should add and delete Venue Detail 999",
      "timedOut": false,
      "duration": 0,
      "state": "failed",
      "pass": false,
      "fail": true,
      "pending": false,
      "code": "// post to /api/details\n// calling home page api\nvar superserver = (0, _supertest2.default)(_server.server);\nsuperserver.get(\"/api/details\").expect(\"Content-type\", /json/).expect(200) // This is HTTP response\n.end(function (err, res) {\n  var id = res.body[0]._id;\n  superserver.put(\"/api/details/\" + id).send({ id: \"001\", name: \"999 Venue\", description: \"999 Discription\", type: \"999 Type\", link: \"999 URL\", association: \"999 association\", parking: \"999 parking\", toilet: \"999 W/C\", refreshments: \"999 refreshments\", other: \"999 Other\", directions: \"999 directions URL\", images: \"999 Image0\", images1: \"999 Image1\" }).expect(\"Content-type\", /json/).expect(200) // This is HTTP response\n  .end(function (err, res) {\n    superserver.delete(\"/api/details/\" + id).expect(\"Content-type\", /json/).expect(200) // This is HTTP response\n    .end(function (err, res) {\n      res.body._id.should.equal(id);\n      res.body.name.should.equal(\"Venue 999\");\n      done();\n    });\n  });\n});",
      "err": {
        "uncaught": true,
        "estack": "TypeError: Cannot read property '_id' of undefined\n    at Test.<anonymous> (C:/Users/ellingworthl/Documents/MASTERS_WIT/EWD_Assign2_WebAPI_Rebuild/test/testDetailsApi.js:72:20)\n    at Test.assert (node_modules\\supertest\\lib\\test.js:179:6)\n    at Server.assert (node_modules\\supertest\\lib\\test.js:131:12)\n    at emitCloseNT (net.js:1555:8)\n    at _combinedTickCallback (internal/process/next_tick.js:71:11)\n    at process._tickCallback (internal/process/next_tick.js:98:9)"
      },
      "isRoot": false,
      "uuid": "e6e0eec1-e7ff-4b91-a89e-1436bd5beed4",
      "parentUUID": "f0e72878-fc22-4392-96bf-582339f2b192",
      "isHook": false,
      "skipped": false
    },
    {
      "title": "should add an event",
      "fullTitle": "Events API unit tests should add an event",
      "timedOut": false,
      "duration": 0,
      "state": "failed",
      "pass": false,
      "fail": true,
      "pending": false,
      "code": "(0, _supertest2.default)(_server.server).post('/api/Events').send({ round: \"Test Round\", venue: \"Test Venue\", date: \"22/09/2017\" }).expect(\"Content-type\", /json/).expect(201).end(function (err, res) {\n  res.status.should.equal(201);\n  res.body.event.should.have.property('_id');\n  res.body.event.round.should.equal('Test Round');\n  done();\n});",
      "err": {
        "operator": "to be",
        "expected": "201",
        "showDiff": true,
        "actual": "500",
        "negate": false,
        "assertion": {
          "obj": 500,
          "anyOne": false,
          "negate": false,
          "params": {
            "operator": "to be",
            "expected": 201,
            "showDiff": true,
            "actual": 500,
            "negate": false,
            "assertion": "[Circular ~.allFailures.5.err.assertion]"
          },
          "light": false
        },
        "_message": "expected 500 to be 201",
        "generatedMessage": true,
        "uncaught": true,
        "estack": "AssertionError: expected 500 to be 201\n    at Assertion.fail (node_modules\\should\\cjs\\should.js:258:17)\n    at Assertion.value (node_modules\\should\\cjs\\should.js:335:19)\n    at Test.<anonymous> (C:/Users/ellingworthl/Documents/MASTERS_WIT/EWD_Assign2_WebAPI_Rebuild/test/testEventsApi.js:34:25)\n    at Test.assert (node_modules\\supertest\\lib\\test.js:179:6)\n    at Server.assert (node_modules\\supertest\\lib\\test.js:131:12)\n    at emitCloseNT (net.js:1555:8)\n    at _combinedTickCallback (internal/process/next_tick.js:71:11)\n    at process._tickCallback (internal/process/next_tick.js:98:9)",
        "diff": "- 500\n+ 201\n"
      },
      "isRoot": false,
      "uuid": "1e39f936-74ba-4a08-8529-d7c84c86aad6",
      "parentUUID": "0ecfde32-0993-4544-a978-b67da700a1d1",
      "isHook": false,
      "skipped": false
    },
    {
      "title": "should delete event",
      "fullTitle": "Events API unit tests should delete event",
      "timedOut": false,
      "duration": 0,
      "state": "failed",
      "pass": false,
      "fail": true,
      "pending": false,
      "code": "var superserver = (0, _supertest2.default)(_server.server);\nsuperserver.get(\"/api/Events\").expect(\"Content-type\", /json/).expect(200) // This is HTTP response\n.end(function (err, res) {\n  var id = res.body[0]._id;\n  superserver.delete(\"/api/Events/\" + id).expect(\"Content-type\", /json/).expect(200) // This is HTTP response\n  .end(function (err, res) {\n    res.body._id.should.equal(id);\n    res.body.should.have.property(\"round\");\n    done();\n  });\n});",
      "err": {
        "uncaught": true,
        "estack": "TypeError: Cannot read property '_id' of undefined\n    at Test.<anonymous> (C:/Users/ellingworthl/Documents/MASTERS_WIT/EWD_Assign2_WebAPI_Rebuild/test/testEventsApi.js:49:18)\n    at Test.assert (node_modules\\supertest\\lib\\test.js:179:6)\n    at Server.assert (node_modules\\supertest\\lib\\test.js:131:12)\n    at emitCloseNT (net.js:1555:8)\n    at _combinedTickCallback (internal/process/next_tick.js:71:11)\n    at process._tickCallback (internal/process/next_tick.js:98:9)"
      },
      "isRoot": false,
      "uuid": "80b0581e-2eca-4075-999d-5c54e6613f7d",
      "parentUUID": "0ecfde32-0993-4544-a978-b67da700a1d1",
      "isHook": false,
      "skipped": false
    },
    {
      "title": "should add and delete Event 999",
      "fullTitle": "Events API unit tests should add and delete Event 999",
      "timedOut": false,
      "duration": 0,
      "state": "failed",
      "pass": false,
      "fail": true,
      "pending": false,
      "code": "// post to /api/Events\n// calling home page api\nvar superserver = (0, _supertest2.default)(_server.server);\nsuperserver.get(\"/api/Events\").expect(\"Content-type\", /json/).expect(200) // This is HTTP response\n.end(function (err, res) {\n  var id = res.body[0]._id;\n  superserver.put(\"/api/Events/\" + id).send({ round: \"999 Round\", venue: \"999 Venue\", date: \"999 Date\" }).expect(\"Content-type\", /json/).expect(200) // This is HTTP response\n  .end(function (err, res) {\n    superserver.delete(\"/api/Events/\" + id).expect(\"Content-type\", /json/).expect(200) // This is HTTP response\n    .end(function (err, res) {\n      res.body._id.should.equal(id);\n      res.body.round.should.equal(\"Round 999\");\n      done();\n    });\n  });\n});",
      "err": {
        "uncaught": true,
        "estack": "TypeError: Cannot read property '_id' of undefined\n    at Test.<anonymous> (C:/Users/ellingworthl/Documents/MASTERS_WIT/EWD_Assign2_WebAPI_Rebuild/test/testEventsApi.js:74:20)\n    at Test.assert (node_modules\\supertest\\lib\\test.js:179:6)\n    at Server.assert (node_modules\\supertest\\lib\\test.js:131:12)\n    at emitCloseNT (net.js:1555:8)\n    at _combinedTickCallback (internal/process/next_tick.js:71:11)\n    at process._tickCallback (internal/process/next_tick.js:98:9)"
      },
      "isRoot": false,
      "uuid": "b08becc3-d501-4f7a-98f4-4de714f90999",
      "parentUUID": "0ecfde32-0993-4544-a978-b67da700a1d1",
      "isHook": false,
      "skipped": false
    },
    {
      "title": "should add a review",
      "fullTitle": "Reviews API unit tests should add a review",
      "timedOut": false,
      "duration": 0,
      "state": "failed",
      "pass": false,
      "fail": true,
      "pending": false,
      "code": "(0, _supertest2.default)(_server.server).post('/api/reviews').send({ title: \"Test Review\", link: \"https://www.rte.ie/news/brexit/\" }).expect(\"Content-type\", /json/).expect(201).end(function (err, res) {\n  res.status.should.equal(201);\n  res.body.review.should.have.property('_id');\n  res.body.review.title.should.equal('Test Review');\n  done();\n});",
      "err": {
        "operator": "to be",
        "expected": "201",
        "showDiff": true,
        "actual": "500",
        "negate": false,
        "assertion": {
          "obj": 500,
          "anyOne": false,
          "negate": false,
          "params": {
            "operator": "to be",
            "expected": 201,
            "showDiff": true,
            "actual": 500,
            "negate": false,
            "assertion": "[Circular ~.allFailures.8.err.assertion]"
          },
          "light": false
        },
        "_message": "expected 500 to be 201",
        "generatedMessage": true,
        "uncaught": true,
        "estack": "AssertionError: expected 500 to be 201\n    at Assertion.fail (node_modules\\should\\cjs\\should.js:258:17)\n    at Assertion.value (node_modules\\should\\cjs\\should.js:335:19)\n    at Test.<anonymous> (C:/Users/ellingworthl/Documents/MASTERS_WIT/EWD_Assign2_WebAPI_Rebuild/test/testReviewsApi.js:34:25)\n    at Test.assert (node_modules\\supertest\\lib\\test.js:179:6)\n    at Server.assert (node_modules\\supertest\\lib\\test.js:131:12)\n    at emitCloseNT (net.js:1555:8)\n    at _combinedTickCallback (internal/process/next_tick.js:71:11)\n    at process._tickCallback (internal/process/next_tick.js:98:9)",
        "diff": "- 500\n+ 201\n"
      },
      "isRoot": false,
      "uuid": "bd7a0663-a739-4195-8f7a-8d7b7c96bf8f",
      "parentUUID": "c1dbbe6d-470d-4fba-914d-9e9c3a864276",
      "isHook": false,
      "skipped": false
    },
    {
      "title": "should delete review",
      "fullTitle": "Reviews API unit tests should delete review",
      "timedOut": false,
      "duration": 0,
      "state": "failed",
      "pass": false,
      "fail": true,
      "pending": false,
      "code": "var superserver = (0, _supertest2.default)(_server.server);\nsuperserver.get(\"/api/reviews\").expect(\"Content-type\", /json/).expect(200) // This is HTTP response\n.end(function (err, res) {\n  var id = res.body[0]._id;\n  superserver.delete(\"/api/reviews/\" + id).expect(\"Content-type\", /json/).expect(200) // This is HTTP response\n  .end(function (err, res) {\n    res.body._id.should.equal(id);\n    res.body.should.have.property(\"title\");\n    done();\n  });\n});",
      "err": {
        "uncaught": true,
        "estack": "TypeError: Cannot read property '_id' of undefined\n    at Test.<anonymous> (C:/Users/ellingworthl/Documents/MASTERS_WIT/EWD_Assign2_WebAPI_Rebuild/test/testReviewsApi.js:49:18)\n    at Test.assert (node_modules\\supertest\\lib\\test.js:179:6)\n    at Server.assert (node_modules\\supertest\\lib\\test.js:131:12)\n    at emitCloseNT (net.js:1555:8)\n    at _combinedTickCallback (internal/process/next_tick.js:71:11)\n    at process._tickCallback (internal/process/next_tick.js:98:9)"
      },
      "isRoot": false,
      "uuid": "c2a15ee2-65bc-4234-aef9-7de60f665d4a",
      "parentUUID": "c1dbbe6d-470d-4fba-914d-9e9c3a864276",
      "isHook": false,
      "skipped": false
    },
    {
      "title": "should add and delete Review 999",
      "fullTitle": "Reviews API unit tests should add and delete Review 999",
      "timedOut": false,
      "duration": 0,
      "state": "failed",
      "pass": false,
      "fail": true,
      "pending": false,
      "code": "// post to /api/reviews\n// calling home page api\nvar superserver = (0, _supertest2.default)(_server.server);\nsuperserver.get(\"/api/reviews\").expect(\"Content-type\", /json/).expect(200) // This is HTTP response\n.end(function (err, res) {\n  var id = res.body[0]._id;\n  superserver.put(\"/api/reviews/\" + id).send({ title: \"Review 999\", link: \"Review Test Link\" }).expect(\"Content-type\", /json/).expect(200) // This is HTTP response\n  .end(function (err, res) {\n    superserver.delete(\"/api/reviews/\" + id).expect(\"Content-type\", /json/).expect(200) // THis is HTTP response\n    .end(function (err, res) {\n      res.body._id.should.equal(id);\n      res.body.title.should.equal(\"Review 999\");\n      done();\n    });\n  });\n});",
      "err": {
        "uncaught": true,
        "estack": "TypeError: Cannot read property '_id' of undefined\n    at Test.<anonymous> (C:/Users/ellingworthl/Documents/MASTERS_WIT/EWD_Assign2_WebAPI_Rebuild/test/testReviewsApi.js:74:20)\n    at Test.assert (node_modules\\supertest\\lib\\test.js:179:6)\n    at Server.assert (node_modules\\supertest\\lib\\test.js:131:12)\n    at emitCloseNT (net.js:1555:8)\n    at _combinedTickCallback (internal/process/next_tick.js:71:11)\n    at process._tickCallback (internal/process/next_tick.js:98:9)"
      },
      "isRoot": false,
      "uuid": "72a84b4d-7eb3-4775-92bb-60b11ad987dd",
      "parentUUID": "c1dbbe6d-470d-4fba-914d-9e9c3a864276",
      "isHook": false,
      "skipped": false
    },
    {
      "title": "should delete venue",
      "fullTitle": "Venues API unit tests should delete venue",
      "timedOut": false,
      "duration": 0,
      "state": "failed",
      "pass": false,
      "fail": true,
      "pending": false,
      "code": "var superserver = (0, _supertest2.default)(_server.server);\nsuperserver.get(\"/api/venues\").expect(\"Content-type\", /json/).expect(200) // This is HTTP response\n.end(function (err, res) {\n  var id = res.body[0]._id;\n  superserver.delete(\"/api/venues/\" + id).expect(\"Content-type\", /json/).expect(200) // This is HTTP response\n  .end(function (err, res) {\n    res.body._id.should.equal(id);\n    res.body.should.have.property(\"town\");\n    done();\n  });\n});",
      "err": {
        "uncaught": true,
        "estack": "TypeError: Cannot read property '_id' of undefined\n    at Test.<anonymous> (C:/Users/ellingworthl/Documents/MASTERS_WIT/EWD_Assign2_WebAPI_Rebuild/test/testVenuesApi.js:47:18)\n    at Test.assert (node_modules\\supertest\\lib\\test.js:179:6)\n    at Server.assert (node_modules\\supertest\\lib\\test.js:131:12)\n    at emitCloseNT (net.js:1555:8)\n    at _combinedTickCallback (internal/process/next_tick.js:71:11)\n    at process._tickCallback (internal/process/next_tick.js:98:9)"
      },
      "isRoot": false,
      "uuid": "d64ff82f-ee79-4f7a-b2e9-31db2bae7107",
      "parentUUID": "abb98078-b0a2-4c97-9ea9-6863dda42763",
      "isHook": false,
      "skipped": false
    },
    {
      "title": "should add and delete Venue 999",
      "fullTitle": "Venues API unit tests should add and delete Venue 999",
      "timedOut": false,
      "duration": 0,
      "state": "failed",
      "pass": false,
      "fail": true,
      "pending": false,
      "code": "// post to /api/venue\n// calling home page api\nvar superserver = (0, _supertest2.default)(_server.server);\nsuperserver.get(\"/api/venues\").expect(\"Content-type\", /json/).expect(200) // This is HTTP response\n.end(function (err, res) {\n  var id = res.body[0]._id;\n  superserver.put(\"/api/venues/\" + id).send({ id: \"001\", name: \"Venue 999\", town: \"999 Town\", county: \"999 County\", phoneno: \"999 Ph #\", imageUrl: \"999 Image URL\" }).expect(\"Content-type\", /json/).expect(200) // This is HTTP response\n  .end(function (err, res) {\n    superserver.delete(\"/api/venues/\" + id).expect(\"Content-type\", /json/).expect(200) // This is HTTP response\n    .end(function (err, res) {\n      res.body._id.should.equal(id);\n      res.body.name.should.equal(\"Venue 999\");\n      done();\n    });\n  });\n});",
      "err": {
        "uncaught": true,
        "estack": "TypeError: Cannot read property '_id' of undefined\n    at Test.<anonymous> (C:/Users/ellingworthl/Documents/MASTERS_WIT/EWD_Assign2_WebAPI_Rebuild/test/testVenuesApi.js:72:20)\n    at Test.assert (node_modules\\supertest\\lib\\test.js:179:6)\n    at Server.assert (node_modules\\supertest\\lib\\test.js:131:12)\n    at emitCloseNT (net.js:1555:8)\n    at _combinedTickCallback (internal/process/next_tick.js:71:11)\n    at process._tickCallback (internal/process/next_tick.js:98:9)"
      },
      "isRoot": false,
      "uuid": "40d71098-f89e-40d8-b26f-ad8d17b584f1",
      "parentUUID": "abb98078-b0a2-4c97-9ea9-6863dda42763",
      "isHook": false,
      "skipped": false
    }
  ],
  "copyrightYear": 2017
}